2023.08.18 16:10:55 INFO  Started: Metals version 1.0.0 in folders '/Users/stang/Desktop/react-kickoff' for client Visual Studio Code 1.81.1.
Aug 18, 2023 4:10:56 PM org.flywaydb.core.internal.license.VersionPrinter printVersionOnly
INFO: Flyway Community Edition 9.20.1 by Redgate
Aug 18, 2023 4:10:56 PM org.flywaydb.core.internal.license.VersionPrinter printVersion
INFO: See release notes here: https://rd.gt/416ObMi
Aug 18, 2023 4:10:56 PM org.flywaydb.core.internal.license.VersionPrinter printVersion
INFO: 
Aug 18, 2023 4:10:56 PM org.flywaydb.core.internal.database.base.BaseDatabaseType createDatabase
INFO: Database: jdbc:h2:file:/Users/stang/Desktop/react-kickoff/.metals/metals (H2 2.1)
Aug 18, 2023 4:10:56 PM org.flywaydb.core.internal.schemahistory.JdbcTableSchemaHistory allAppliedMigrations
INFO: Schema history table "PUBLIC"."flyway_schema_history" does not exist yet
Aug 18, 2023 4:10:56 PM org.flywaydb.core.internal.command.DbValidate validate
INFO: Successfully validated 4 migrations (execution time 00:00.014s)
Aug 18, 2023 4:10:56 PM org.flywaydb.core.internal.schemahistory.JdbcTableSchemaHistory create
INFO: Creating Schema History table "PUBLIC"."flyway_schema_history" ...
Aug 18, 2023 4:10:56 PM org.flywaydb.core.internal.command.DbMigrate migrateGroup
INFO: Current version of schema "PUBLIC": << Empty Schema >>
Aug 18, 2023 4:10:56 PM org.flywaydb.core.internal.command.DbMigrate doMigrateGroup
INFO: Migrating schema "PUBLIC" to version "1 - Create tables"
Aug 18, 2023 4:10:56 PM org.flywaydb.core.internal.command.DbMigrate doMigrateGroup
INFO: Migrating schema "PUBLIC" to version "2 - Server discovery"
Aug 18, 2023 4:10:56 PM org.flywaydb.core.internal.command.DbMigrate doMigrateGroup
INFO: Migrating schema "PUBLIC" to version "3 - Jar symbols"
Aug 18, 2023 4:10:56 PM org.flywaydb.core.internal.command.DbMigrate doMigrateGroup
INFO: Migrating schema "PUBLIC" to version "4 - Fingerprints"
Aug 18, 2023 4:10:56 PM org.flywaydb.core.internal.command.DbMigrate logSummary
INFO: Successfully applied 4 migrations to schema "PUBLIC", now at version v4 (execution time 00:00.015s)
2023.08.18 16:10:56 INFO  time: initialize in 0.64s
2023.08.18 16:11:00 WARN  Build server is not auto-connectable.
2023.08.18 16:11:00 WARN  no build tool detected in workspace '/Users/stang/Desktop/react-kickoff'. The most common cause for this problem is that the editor was opened in the wrong working directory, for example if you use sbt then the workspace directory should contain build.sbt. 
2023.08.18 21:18:03 INFO  Shutting down server
2023.08.18 21:18:03 INFO  shutting down Metals
2023.08.18 21:18:03 INFO  Exiting server
2023.08.19 14:13:45 INFO  Started: Metals version 1.0.0 in folders '/Users/stang/Desktop/react-kickoff' for client Visual Studio Code 1.81.1.
Aug 19, 2023 2:13:45 PM org.flywaydb.core.internal.license.VersionPrinter printVersionOnly
INFO: Flyway Community Edition 9.20.1 by Redgate
Aug 19, 2023 2:13:45 PM org.flywaydb.core.internal.license.VersionPrinter printVersion
INFO: See release notes here: https://rd.gt/416ObMi
Aug 19, 2023 2:13:45 PM org.flywaydb.core.internal.license.VersionPrinter printVersion
INFO: 
Aug 19, 2023 2:13:45 PM org.flywaydb.core.internal.database.base.BaseDatabaseType createDatabase
INFO: Database: jdbc:h2:file:/Users/stang/Desktop/react-kickoff/.metals/metals (H2 2.1)
Aug 19, 2023 2:13:45 PM org.flywaydb.core.internal.command.DbValidate validate
INFO: Successfully validated 4 migrations (execution time 00:00.022s)
Aug 19, 2023 2:13:45 PM org.flywaydb.core.internal.command.DbMigrate migrateGroup
INFO: Current version of schema "PUBLIC": 4
Aug 19, 2023 2:13:45 PM org.flywaydb.core.internal.command.DbMigrate logSummary
INFO: Schema "PUBLIC" is up to date. No migration necessary.
2023.08.19 14:13:45 INFO  time: initialize in 0.81s
2023.08.19 14:13:49 WARN  Build server is not auto-connectable.
2023.08.19 14:13:49 WARN  no build tool detected in workspace '/Users/stang/Desktop/react-kickoff'. The most common cause for this problem is that the editor was opened in the wrong working directory, for example if you use sbt then the workspace directory should contain build.sbt. 
2023.08.19 14:44:47 INFO  Shutting down server
2023.08.19 14:44:47 INFO  shutting down Metals
2023.08.19 14:44:47 INFO  Exiting server
